rm -rf test_files test_files_output
rm -f *.o scannerbase.h parserbase.h scanner.cc parser.cc parser.yy.output
rm -f sclp
rm -f cscope.out tags a.out
flexc++ scanner.ll
bisonc++ --verbose parser.yy
g++ --std=c++0x -DCOMPILE -g -c scanner.cc
g++ --std=c++0x -DCOMPILE -g -c parser.cc
g++ --std=c++0x -DCOMPILE -g -c ast.cc
g++ --std=c++0x -DCOMPILE -g -c ast-compile.cc
g++ --std=c++0x -DCOMPILE -g -c icode.cc
g++ --std=c++0x -DCOMPILE -g -c main.cc
g++ --std=c++0x -L. -Wl,-rpath=. -DCOMPILE scanner.o parser.o ast.o ast-compile.o icode.o main.o  -o sclp  -lreference
running sclp on testcases...
running sclp16 on testcases...
=========ast============
---------- Conditional_rupanshu.c -------------------
---------- Do_rupanshu.c -------------------
---------- EmptyIf_epic.c -------------------
---------- EmptyIf_rupanshu.c -------------------
---------- Fact.c -------------------
---------- Fact_epic.c -------------------
---------- Fact_rupanshu.c -------------------
---------- FloatRelArith.c -------------------
---------- FloatRelArith_epic.c -------------------
---------- FloatRelArith_rupanshu.c -------------------
---------- FloatUnary.c -------------------
---------- FloatUnary_epic.c -------------------
---------- FloatUnary_rupanshu.c -------------------
---------- GcdLcm.c -------------------
---------- GcdLcmDoWhile_epic.c -------------------
---------- GcdLcm_epic.c -------------------
---------- GcdLcm_rupanshu.c -------------------
---------- IfArith.c -------------------
---------- IfArith_epic.c -------------------
---------- IfArith_rupanshu.c -------------------
---------- IfFloatArith.c -------------------
---------- IfFloatArith_epic.c -------------------
---------- IfFloatArith_rupanshu.c -------------------
---------- IfFloatRelArith.c -------------------
---------- IfFloatRelArith_epic.c -------------------
---------- IfFloatRelArith_rupanshu.c -------------------
---------- IfRelArith.c -------------------
---------- IfRelArith_epic.c -------------------
---------- IfRelArith_rupanshu.c -------------------
---------- IfUnary.c -------------------
---------- IfUnary_epic.c -------------------
---------- IfUnary_rupanshu.c -------------------
---------- LeapYear_epic.c -------------------
---------- LeapYear_rupanshu.c -------------------
---------- my1_rupanshu.c -------------------
---------- my3_rupanshu.c -------------------
---------- my4_rupanshu.c -------------------
---------- my5_rupanshu.c -------------------
---------- my6_rupanshu.c -------------------
---------- my7_rupanshu.c -------------------
---------- Num_rupanshu.c -------------------
---------- OddEven.c -------------------
---------- OddEven_epic.c -------------------
---------- OddEven_rupanshu.c -------------------
---------- Plus_rupanshu.c -------------------
---------- ravi_test10_epic.c -------------------
---------- ravi_test11_epic.c -------------------
---------- ravi_test12_epic.c -------------------
---------- ravi_test1_epic.c -------------------
---------- ravi_test2_epic.c -------------------
---------- ravi_test3_epic.c -------------------
---------- ravi_test4_epic.c -------------------
---------- ravi_test5_epic.c -------------------
---------- ravi_test6_epic.c -------------------
---------- ravi_test7_epic.c -------------------
---------- ravi_test8_epic.c -------------------
---------- ravi_test9_epic.c -------------------
---------- RelArith1.c -------------------
---------- RelArith1_epic.c -------------------
---------- RelArith1_rupanshu.c -------------------
---------- RelArith2.c -------------------
---------- RelArith2_epic.c -------------------
---------- RelArith2_rupanshu.c -------------------
---------- RelArithBrckt.c -------------------
---------- RelArithBrckt_epic.c -------------------
---------- RelArithBrckt_rupanshu.c -------------------
---------- Relational_rupanshu.c -------------------
---------- RetInFor.c -------------------
---------- RetInFor_epic.c -------------------
---------- RetInFor_rupanshu.c -------------------
---------- s1_epic.c -------------------
---------- s2_epic.c -------------------
---------- s3_epic.c -------------------
---------- s4_epic.c -------------------
---------- t10_epic.c -------------------
---------- t11_epic.c -------------------
---------- t12_epic.c -------------------
---------- t13_epic.c -------------------
---------- t14_epic.c -------------------
---------- t1_epic.c -------------------
---------- t2_epic.c -------------------
---------- t3_epic.c -------------------
---------- t4_epic.c -------------------
---------- t5_epic.c -------------------
---------- t6_epic.c -------------------
---------- t7_epic.c -------------------
---------- t8_epic.c -------------------
---------- t9_epic.c -------------------
---------- test-10_epic.c -------------------
---------- test10_navneet.c -------------------
---------- test-10_old.c -------------------
---------- test11_epic.c -------------------
---------- test11_navneet.c -------------------
---------- test11_old.c -------------------
---------- test12_epic.c -------------------
---------- test12_navneet.c -------------------
---------- test12_old.c -------------------
---------- test13_epic.c -------------------
---------- test13_navneet.c -------------------
---------- test13_old.c -------------------
---------- test14_epic.c -------------------
---------- test14_navneet.c -------------------
---------- test14_old.c -------------------
---------- test15_navneet.c -------------------
---------- test16_navneet.c -------------------
---------- test17_navneet.c -------------------
---------- test18_navneet.c -------------------
---------- test19_navneet.c -------------------
---------- test1.c -------------------
---------- test1_navneet.c -------------------
---------- test1_rupanshu.c -------------------
---------- test20_navneet.c -------------------
---------- test2.c -------------------
---------- test-2_epic.c -------------------
---------- test2_navneet.c -------------------
---------- test-2_old.c -------------------
---------- test2_rupanshu.c -------------------
---------- test3.c -------------------
---------- test-3_epic.c -------------------
---------- test3_navneet.c -------------------
---------- test-3_old.c -------------------
---------- test3_rupanshu.c -------------------
---------- test4.c -------------------
---------- test-4_epic.c -------------------
---------- test4_navneet.c -------------------
---------- test-4_old.c -------------------
---------- test4_rupanshu.c -------------------
---------- test5.c -------------------
---------- test-5_epic.c -------------------
---------- test5_navneet.c -------------------
---------- test-5_old.c -------------------
---------- test5_rupanshu.c -------------------
---------- test6.c -------------------
---------- test-6_epic.c -------------------
---------- test6_navneet.c -------------------
---------- test-6_old.c -------------------
---------- test-7_epic.c -------------------
---------- test7_navneet.c -------------------
---------- test-7_old.c -------------------
---------- test7_rupanshu.c -------------------
---------- test88_navneet.c -------------------
---------- test-8_epic.c -------------------
---------- test8_navneet.c -------------------
---------- test-8_old.c -------------------
---------- test8_rupanshu.c -------------------
---------- test-9_epic.c -------------------
---------- test9_navneet.c -------------------
---------- test-9_old.c -------------------
---------- test9_rupanshu.c -------------------
---------- test_epic.c -------------------
---------- test_old.c -------------------
---------- test_tanmay.c -------------------
---------- test_uminus.c -------------------
---------- UMinus_rupanshu.c -------------------
---------- UserIfTmp.c -------------------
---------- UserIfTmp_epic.c -------------------
---------- UserIfTmp_rupanshu.c -------------------
---------- While_rupanshu.c -------------------
=========icode============
---------- Conditional_rupanshu.c -------------------
---------- Do_rupanshu.c -------------------
---------- EmptyIf_epic.c -------------------
---------- EmptyIf_rupanshu.c -------------------
---------- Fact.c -------------------
---------- Fact_epic.c -------------------
---------- Fact_rupanshu.c -------------------
---------- FloatRelArith.c -------------------
---------- FloatRelArith_epic.c -------------------
---------- FloatRelArith_rupanshu.c -------------------
---------- FloatUnary.c -------------------
---------- FloatUnary_epic.c -------------------
---------- FloatUnary_rupanshu.c -------------------
---------- GcdLcm.c -------------------
---------- GcdLcmDoWhile_epic.c -------------------
---------- GcdLcm_epic.c -------------------
---------- GcdLcm_rupanshu.c -------------------
---------- IfArith.c -------------------
---------- IfArith_epic.c -------------------
---------- IfArith_rupanshu.c -------------------
---------- IfFloatArith.c -------------------
---------- IfFloatArith_epic.c -------------------
---------- IfFloatArith_rupanshu.c -------------------
---------- IfFloatRelArith.c -------------------
---------- IfFloatRelArith_epic.c -------------------
---------- IfFloatRelArith_rupanshu.c -------------------
---------- IfRelArith.c -------------------
---------- IfRelArith_epic.c -------------------
---------- IfRelArith_rupanshu.c -------------------
---------- IfUnary.c -------------------
---------- IfUnary_epic.c -------------------
---------- IfUnary_rupanshu.c -------------------
---------- LeapYear_epic.c -------------------
---------- LeapYear_rupanshu.c -------------------
---------- my1_rupanshu.c -------------------
---------- my3_rupanshu.c -------------------
---------- my4_rupanshu.c -------------------
---------- my5_rupanshu.c -------------------
---------- my6_rupanshu.c -------------------
---------- my7_rupanshu.c -------------------
---------- Num_rupanshu.c -------------------
---------- OddEven.c -------------------
---------- OddEven_epic.c -------------------
---------- OddEven_rupanshu.c -------------------
---------- Plus_rupanshu.c -------------------
---------- ravi_test10_epic.c -------------------
---------- ravi_test11_epic.c -------------------
---------- ravi_test12_epic.c -------------------
---------- ravi_test1_epic.c -------------------
---------- ravi_test2_epic.c -------------------
---------- ravi_test3_epic.c -------------------
---------- ravi_test4_epic.c -------------------
---------- ravi_test5_epic.c -------------------
---------- ravi_test6_epic.c -------------------
---------- ravi_test7_epic.c -------------------
---------- ravi_test8_epic.c -------------------
---------- ravi_test9_epic.c -------------------
---------- RelArith1.c -------------------
---------- RelArith1_epic.c -------------------
---------- RelArith1_rupanshu.c -------------------
---------- RelArith2.c -------------------
---------- RelArith2_epic.c -------------------
---------- RelArith2_rupanshu.c -------------------
---------- RelArithBrckt.c -------------------
---------- RelArithBrckt_epic.c -------------------
---------- RelArithBrckt_rupanshu.c -------------------
---------- Relational_rupanshu.c -------------------
---------- RetInFor.c -------------------
---------- RetInFor_epic.c -------------------
---------- RetInFor_rupanshu.c -------------------
---------- s1_epic.c -------------------
---------- s2_epic.c -------------------
---------- s3_epic.c -------------------
---------- s4_epic.c -------------------
---------- t10_epic.c -------------------
---------- t11_epic.c -------------------
---------- t12_epic.c -------------------
---------- t13_epic.c -------------------
---------- t14_epic.c -------------------
---------- t1_epic.c -------------------
---------- t2_epic.c -------------------
---------- t3_epic.c -------------------
---------- t4_epic.c -------------------
---------- t5_epic.c -------------------
---------- t6_epic.c -------------------
---------- t7_epic.c -------------------
---------- t8_epic.c -------------------
---------- t9_epic.c -------------------
---------- test-10_epic.c -------------------
---------- test10_navneet.c -------------------
---------- test-10_old.c -------------------
---------- test11_epic.c -------------------
---------- test11_navneet.c -------------------
---------- test11_old.c -------------------
---------- test12_epic.c -------------------
---------- test12_navneet.c -------------------
---------- test12_old.c -------------------
---------- test13_epic.c -------------------
---------- test13_navneet.c -------------------
---------- test13_old.c -------------------
---------- test14_epic.c -------------------
---------- test14_navneet.c -------------------
---------- test14_old.c -------------------
---------- test15_navneet.c -------------------
---------- test16_navneet.c -------------------
---------- test17_navneet.c -------------------
---------- test18_navneet.c -------------------
---------- test19_navneet.c -------------------
---------- test1.c -------------------
---------- test1_navneet.c -------------------
---------- test1_rupanshu.c -------------------
---------- test20_navneet.c -------------------
---------- test2.c -------------------
---------- test-2_epic.c -------------------
---------- test2_navneet.c -------------------
---------- test-2_old.c -------------------
---------- test2_rupanshu.c -------------------
---------- test3.c -------------------
---------- test-3_epic.c -------------------
---------- test3_navneet.c -------------------
---------- test-3_old.c -------------------
---------- test3_rupanshu.c -------------------
---------- test4.c -------------------
---------- test-4_epic.c -------------------
---------- test4_navneet.c -------------------
---------- test-4_old.c -------------------
---------- test4_rupanshu.c -------------------
---------- test5.c -------------------
---------- test-5_epic.c -------------------
---------- test5_navneet.c -------------------
---------- test-5_old.c -------------------
---------- test5_rupanshu.c -------------------
---------- test6.c -------------------
---------- test-6_epic.c -------------------
---------- test6_navneet.c -------------------
---------- test-6_old.c -------------------
---------- test-7_epic.c -------------------
---------- test7_navneet.c -------------------
---------- test-7_old.c -------------------
---------- test7_rupanshu.c -------------------
---------- test88_navneet.c -------------------
---------- test-8_epic.c -------------------
---------- test8_navneet.c -------------------
---------- test-8_old.c -------------------
---------- test8_rupanshu.c -------------------
---------- test-9_epic.c -------------------
---------- test9_navneet.c -------------------
---------- test-9_old.c -------------------
---------- test9_rupanshu.c -------------------
---------- test_epic.c -------------------
---------- test_old.c -------------------
---------- test_tanmay.c -------------------
---------- test_uminus.c -------------------
---------- UMinus_rupanshu.c -------------------
---------- UserIfTmp.c -------------------
---------- UserIfTmp_epic.c -------------------
---------- UserIfTmp_rupanshu.c -------------------
---------- While_rupanshu.c -------------------
=========spim============
---------- Conditional_rupanshu.c -------------------
---------- Do_rupanshu.c -------------------
---------- EmptyIf_epic.c -------------------
---------- EmptyIf_rupanshu.c -------------------
---------- Fact.c -------------------
---------- Fact_epic.c -------------------
---------- Fact_rupanshu.c -------------------
---------- FloatRelArith.c -------------------
---------- FloatRelArith_epic.c -------------------
---------- FloatRelArith_rupanshu.c -------------------
---------- FloatUnary.c -------------------
---------- FloatUnary_epic.c -------------------
---------- FloatUnary_rupanshu.c -------------------
---------- GcdLcm.c -------------------
---------- GcdLcmDoWhile_epic.c -------------------
---------- GcdLcm_epic.c -------------------
---------- GcdLcm_rupanshu.c -------------------
---------- IfArith.c -------------------
---------- IfArith_epic.c -------------------
---------- IfArith_rupanshu.c -------------------
---------- IfFloatArith.c -------------------
---------- IfFloatArith_epic.c -------------------
---------- IfFloatArith_rupanshu.c -------------------
---------- IfFloatRelArith.c -------------------
---------- IfFloatRelArith_epic.c -------------------
---------- IfFloatRelArith_rupanshu.c -------------------
---------- IfRelArith.c -------------------
---------- IfRelArith_epic.c -------------------
---------- IfRelArith_rupanshu.c -------------------
---------- IfUnary.c -------------------
---------- IfUnary_epic.c -------------------
---------- IfUnary_rupanshu.c -------------------
---------- LeapYear_epic.c -------------------
---------- LeapYear_rupanshu.c -------------------
---------- my1_rupanshu.c -------------------
---------- my3_rupanshu.c -------------------
---------- my4_rupanshu.c -------------------
---------- my5_rupanshu.c -------------------
---------- my6_rupanshu.c -------------------
---------- my7_rupanshu.c -------------------
---------- Num_rupanshu.c -------------------
---------- OddEven.c -------------------
---------- OddEven_epic.c -------------------
---------- OddEven_rupanshu.c -------------------
---------- Plus_rupanshu.c -------------------
---------- ravi_test10_epic.c -------------------
---------- ravi_test11_epic.c -------------------
---------- ravi_test12_epic.c -------------------
---------- ravi_test1_epic.c -------------------
---------- ravi_test2_epic.c -------------------
---------- ravi_test3_epic.c -------------------
---------- ravi_test4_epic.c -------------------
---------- ravi_test5_epic.c -------------------
---------- ravi_test6_epic.c -------------------
---------- ravi_test7_epic.c -------------------
---------- ravi_test8_epic.c -------------------
---------- ravi_test9_epic.c -------------------
---------- RelArith1.c -------------------
---------- RelArith1_epic.c -------------------
---------- RelArith1_rupanshu.c -------------------
---------- RelArith2.c -------------------
---------- RelArith2_epic.c -------------------
---------- RelArith2_rupanshu.c -------------------
---------- RelArithBrckt.c -------------------
---------- RelArithBrckt_epic.c -------------------
---------- RelArithBrckt_rupanshu.c -------------------
---------- Relational_rupanshu.c -------------------
---------- RetInFor.c -------------------
---------- RetInFor_epic.c -------------------
---------- RetInFor_rupanshu.c -------------------
---------- s1_epic.c -------------------
---------- s2_epic.c -------------------
---------- s3_epic.c -------------------
---------- s4_epic.c -------------------
---------- t10_epic.c -------------------
---------- t11_epic.c -------------------
---------- t12_epic.c -------------------
---------- t13_epic.c -------------------
---------- t14_epic.c -------------------
---------- t1_epic.c -------------------
---------- t2_epic.c -------------------
---------- t3_epic.c -------------------
---------- t4_epic.c -------------------
---------- t5_epic.c -------------------
---------- t6_epic.c -------------------
---------- t7_epic.c -------------------
---------- t8_epic.c -------------------
---------- t9_epic.c -------------------
---------- test-10_epic.c -------------------
---------- test10_navneet.c -------------------
---------- test-10_old.c -------------------
---------- test11_epic.c -------------------
---------- test11_navneet.c -------------------
---------- test11_old.c -------------------
---------- test12_epic.c -------------------
---------- test12_navneet.c -------------------
---------- test12_old.c -------------------
---------- test13_epic.c -------------------
---------- test13_navneet.c -------------------
---------- test13_old.c -------------------
---------- test14_epic.c -------------------
---------- test14_navneet.c -------------------
---------- test14_old.c -------------------
---------- test15_navneet.c -------------------
---------- test16_navneet.c -------------------
---------- test17_navneet.c -------------------
---------- test18_navneet.c -------------------
---------- test19_navneet.c -------------------
---------- test1.c -------------------
---------- test1_navneet.c -------------------
---------- test1_rupanshu.c -------------------
---------- test20_navneet.c -------------------
---------- test2.c -------------------
---------- test-2_epic.c -------------------
---------- test2_navneet.c -------------------
---------- test-2_old.c -------------------
---------- test2_rupanshu.c -------------------
---------- test3.c -------------------
---------- test-3_epic.c -------------------
---------- test3_navneet.c -------------------
---------- test-3_old.c -------------------
---------- test3_rupanshu.c -------------------
---------- test4.c -------------------
---------- test-4_epic.c -------------------
---------- test4_navneet.c -------------------
---------- test-4_old.c -------------------
---------- test4_rupanshu.c -------------------
---------- test5.c -------------------
---------- test-5_epic.c -------------------
---------- test5_navneet.c -------------------
---------- test-5_old.c -------------------
---------- test5_rupanshu.c -------------------
---------- test6.c -------------------
---------- test-6_epic.c -------------------
---------- test6_navneet.c -------------------
---------- test-6_old.c -------------------
---------- test-7_epic.c -------------------
---------- test7_navneet.c -------------------
---------- test-7_old.c -------------------
---------- test7_rupanshu.c -------------------
---------- test88_navneet.c -------------------
---------- test-8_epic.c -------------------
---------- test8_navneet.c -------------------
---------- test-8_old.c -------------------
---------- test8_rupanshu.c -------------------
---------- test-9_epic.c -------------------
---------- test9_navneet.c -------------------
---------- test-9_old.c -------------------
---------- test9_rupanshu.c -------------------
---------- test_epic.c -------------------
---------- test_old.c -------------------
---------- test_tanmay.c -------------------
---------- test_uminus.c -------------------
---------- UMinus_rupanshu.c -------------------
---------- UserIfTmp.c -------------------
---------- UserIfTmp_epic.c -------------------
---------- UserIfTmp_rupanshu.c -------------------
---------- While_rupanshu.c -------------------
